<?xml version="1.0" encoding="UTF-8"?>
<!-- Generated by org.testng.reporters.JUnitReportReporter -->
<testsuite hostname="GLB-281-PC" failures="0" tests="1" name="com.power.testcases.Verify_Facebook_sortBy_newest_AdCountsTestScript" time="89.008" errors="0" timestamp="2022-10-19T11:42:38 IST" skipped="0">
  <testcase classname="com.power.testcases.Verify_Facebook_sortBy_newest_AdCountsTestScript" name="Verify_Facebook_sortBy_newest_AdCountsTestScript" time="89.008"/>
  <system-out>
    <![CDATA[<B><font color = 'orange'> Step1 -</font> Logged into PowerAdSpy Application
<B><font color = 'orange'> Step2 -</font> I am on the page :PowerAdSpy | Facebook Dashboard
<B><font color = 'orange'> Step3 -</font> Power Ad Spy Logo is Displayed
<B><font color = 'orange'> Step4 -</font> Clicked On FaceBook Icon
<B><font color = 'orange'> Step5 -</font> Total Ad Count is :Total no. of Ads : 591
<B><font color = 'orange'> Step6 -</font> Total Ad Count is :19 October 2022]]>
  </system-out>
</testsuite> <!-- com.power.testcases.Verify_Facebook_sortBy_newest_AdCountsTestScript -->
