<?xml version="1.0" encoding="UTF-8"?>
<!-- Generated by org.testng.reporters.JUnitReportReporter -->
<testsuite hostname="GLB-281-PC" failures="0" tests="1" name="com.power.testcases.Verify_Facebook_SortBy_TestScript" time="246.673" errors="0" timestamp="2022-10-18T11:40:59 IST" skipped="0">
  <testcase classname="com.power.testcases.Verify_Facebook_SortBy_TestScript" name="Verify_Facebook_SortBy_TestScript" time="246.673"/>
  <system-out>
    <![CDATA[<B><font color = 'orange'> Step1 -</font> Logged into PowerAdSpy Application
<B><font color = 'orange'> Step2 -</font> I am on the page :PowerAdSpy | Facebook Dashboard
<B><font color = 'orange'> Step3 -</font> Power Ad Spy Logo is Displayed
<B><font color = 'orange'> Step4 -</font> Clicked On FaceBook Icon
<B><font color = 'red'>  -</font> ShortBy Newest Step will Start from here 
<B><font color = 'orange'> Step1 -</font> Clicked On sortBy Icon
<B><font color = 'orange'> Step2 -</font> Clicked On SortBy Newest Icon
<B><font color = 'orange'> Step3 -</font> Clicked On search Button Icon
<B><font color = 'orange'> Step4 -</font> Newest Total Ad Count is :Total no. of Ads : 583
<B><font color = 'orange'> Step5 -</font> Clicked On Show Analytics Icon
<B><font color = 'orange'> Step6 -</font> Image Date is :18 October 2022
<B><font color = 'orange'> Step7 -</font> Image Date of First Seen is :October 18 2022
<B><font color = 'orange'> Step8 -</font> Image Date of Last Seen is :October 18 2022
<B><font color = 'orange'> Step9 -</font> Image Date of Post Seen is :September 22 2022
<B><font color = 'orange'> Step10 -</font> Clicked On Clear Filters Icon
<B><font color = 'red'>  -</font> ShortBy Last Seen Step will Start from here 
<B><font color = 'orange'> Step1 -</font> Clicked On sortBy Icon
<B><font color = 'orange'> Step2 -</font> Clicked On sortBy Last Seen Icon
<B><font color = 'orange'> Step3 -</font> Clicked On search Button Icon
<B><font color = 'orange'> Step4 -</font> Last Seen Total Ad Count is :Total no. of Ads : 583
<B><font color = 'orange'> Step5 -</font> Clicked On Show Analytics Icon
<B><font color = 'orange'> Step6 -</font> Image Date is :18 October 2022
<B><font color = 'orange'> Step7 -</font> Image Date of Last Seen is :October 18 2022
<B><font color = 'orange'> Step8 -</font> Clicked On Clear Filters Icon
<B><font color = 'red'>  -</font> ShortBy Running Longest Step will Start from here 
<B><font color = 'orange'> Step1 -</font> Clicked On sortBy Icon
<B><font color = 'orange'> Step2 -</font> Clicked On sortBy Running longest Icon
<B><font color = 'orange'> Step3 -</font> Clicked On search Button Icon
<B><font color = 'orange'> Step4 -</font> Running Longest Total Ad Count is :Total no. of Ads : 583
<B><font color = 'orange'> Step5 -</font> Clicked On Show Analytics Icon
<B><font color = 'orange'> Step6 -</font> Image  Date is :14 October 2022
<B><font color = 'orange'> Step7 -</font> Image Last Seen Date of is :October 14 2022
<B><font color = 'orange'> Step8 -</font> Image Date of Running Longest is :23
<B><font color = 'orange'> Step10 -</font> Clicked On Clear Filters Icon
<B><font color = 'red'>  -</font> ShortBy Domain Registration Date Step will Start from here 
<B><font color = 'orange'> Step1 -</font> Clicked On sortBy Icon
<B><font color = 'orange'> Step2 -</font> Clicked On sortBy Domain Registration Date Icon
<B><font color = 'orange'> Step3 -</font> Clicked On search Button Icon
<B><font color = 'orange'> Step4 -</font> domain Registration Date Total Ad Count is :Total no. of Ads : 583
<B><font color = 'orange'> Step5 -</font> Clicked On Show Analytics Icon
<B><font color = 'orange'> Step6 -</font> Image Date is :29 September 2022
<B><font color = 'orange'> Step7 -</font> Image Last Seen Date of :September 29 2022
<B><font color = 'orange'> Step8 -</font> Image Date of Domain Registration Date is :2022-09-28
<B><font color = 'orange'> Step9 -</font> Clicked On Clear Filters Icon]]>
  </system-out>
</testsuite> <!-- com.power.testcases.Verify_Facebook_SortBy_TestScript -->
